<?xml version="1.0" encoding="utf-8"?><testsuites name="pytest tests"><testsuite name="pytest" errors="0" failures="0" skipped="0" tests="39" time="5.354" timestamp="2026-08-30T15:33:48.877377+00:00" hostname="agent-env-37895ff1-b6a6-4b41-8f7e-0e5114132911"><testcase classname="tests.backend_test.TestAuth" name="test_root_api" time="0.189" /><testcase classname="tests.backend_test.TestAuth" name="test_admin_login" time="0.364" /><testcase classname="tests.backend_test.TestAuth" name="test_login_invalid" time="0.350" /><testcase classname="tests.backend_test.TestAuth" name="test_me_requires_auth" time="0.126" /><testcase classname="tests.backend_test.TestAuth" name="test_me_with_token" time="0.498" /><testcase classname="tests.backend_test.TestMasters" name="test_create_grower" time="0.071" /><testcase classname="tests.backend_test.TestMasters" name="test_create_curing_works" time="0.066" /><testcase classname="tests.backend_test.TestMasters" name="test_invalid_party_type" time="0.065" /><testcase classname="tests.backend_test.TestMasters" name="test_create_product" time="0.069" /><testcase classname="tests.backend_test.TestMasters" name="test_create_godown" time="0.066" /><testcase classname="tests.backend_test.TestMasters" name="test_list_parties" time="0.065" /><testcase classname="tests.backend_test.TestMasters" name="test_set_market_rate" time="0.070" /><testcase classname="tests.backend_test.TestUsers" name="test_create_operator" time="0.290" /><testcase classname="tests.backend_test.TestUsers" name="test_create_finance" time="0.289" /><testcase classname="tests.backend_test.TestUsers" name="test_operator_cannot_list_users" time="0.492" /><testcase classname="tests.backend_test.TestUsers" name="test_operator_cannot_set_market_rate" time="0.121" /><testcase classname="tests.backend_test.TestUsers" name="test_finance_cannot_create_purchase" time="0.454" /><testcase classname="tests.backend_test.TestUsers" name="test_finance_can_create_payment" time="0.120" /><testcase classname="tests.backend_test.TestPurchaseFlow" name="test_dashboard_before" time="0.077" /><testcase classname="tests.backend_test.TestPurchaseFlow" name="test_create_multi_item_purchase" time="0.081" /><testcase classname="tests.backend_test.TestPurchaseFlow" name="test_purchase_updates_dashboard" time="0.074" /><testcase classname="tests.backend_test.TestPurchaseFlow" name="test_party_ledger_shows_credit" time="0.068" /><testcase classname="tests.backend_test.TestPurchaseFlow" name="test_stock_ledger" time="0.068" /><testcase classname="tests.backend_test.TestAdvanceAndSettlement" name="test_create_buy_advance" time="0.071" /><testcase classname="tests.backend_test.TestAdvanceAndSettlement" name="test_advance_outstanding" time="0.069" /><testcase classname="tests.backend_test.TestAdvanceAndSettlement" name="test_open_items" time="0.068" /><testcase classname="tests.backend_test.TestAdvanceAndSettlement" name="test_create_partial_settlement" time="0.068" /><testcase classname="tests.backend_test.TestAdvanceAndSettlement" name="test_stock_unchanged_after_settlement" time="0.077" /><testcase classname="tests.backend_test.TestDispatch" name="test_dispatch_exceeds_stock_rejected" time="0.067" /><testcase classname="tests.backend_test.TestDispatch" name="test_dispatch_sold" time="0.071" /><testcase classname="tests.backend_test.TestDispatch" name="test_dispatch_hold" time="0.067" /><testcase classname="tests.backend_test.TestDispatch" name="test_sell_advance" time="0.066" /><testcase classname="tests.backend_test.TestDispatch" name="test_sell_settlement" time="0.072" /><testcase classname="tests.backend_test.TestPaymentsReversals" name="test_payment_out" time="0.073" /><testcase classname="tests.backend_test.TestPaymentsReversals" name="test_reverse_payment" time="0.071" /><testcase classname="tests.backend_test.TestPaymentsReversals" name="test_reverse_purchase_with_settled_hold_blocked" time="0.067" /><testcase classname="tests.backend_test.TestPaymentsReversals" name="test_finance_cannot_reverse" time="0.137" /><testcase classname="tests.backend_test.TestPaymentsReversals" name="test_party_balances" time="0.071" /><testcase classname="tests.backend_test.TestMoneyIntegrity" name="test_paise_arithmetic" time="0.001" /></testsuite></testsuites>